<?xml version='1.0'?>
<ns2:test-suite xmlns:ns2='urn:model.allure.qatools.yandex.ru' start='1617120629398' stop='1617120641484'>
    <name>Ecommerce Application</name>
    <title>Ecommerce Application</title>
    <test-cases>
        <test-case start='1617120629399' status='pending' stop='1617120629399'>
            <name>Login Fail page title-Smoke</name>
            <title>Login Fail page title-Smoke</title>
            <labels/>
            <parameters/>
            <steps/>
            <attachments/>
            <failure>
                <message>Test ignored</message>
                <stack-trace>undefined</stack-trace>
            </failure>
        </test-case>
        <test-case start='1617120629400' status='pending' stop='1617120629400'>
            <name>Login Fail page title Smoke</name>
            <title>Login Fail page title Smoke</title>
            <labels/>
            <parameters/>
            <steps/>
            <attachments/>
            <failure>
                <message>Test ignored</message>
                <stack-trace>undefined</stack-trace>
            </failure>
        </test-case>
        <test-case start='1617120629400' status='pending' stop='1617120629400'>
            <name>Login Success page title</name>
            <title>Login Success page title</title>
            <labels/>
            <parameters/>
            <steps/>
            <attachments/>
            <failure>
                <message>Test ignored</message>
                <stack-trace>undefined</stack-trace>
            </failure>
        </test-case>
        <test-case start='1617120629401' status='broken' stop='1617120641482'>
            <name>should detect if an element is selected</name>
            <title>should detect if an element is selected</title>
            <labels>
                <label name='language' value='javascript'/>
                <label name='framework' value='wdio'/>
                <label name='thread' value='0-0'/>
            </labels>
            <parameters>
                <parameter kind='argument' name='browser' value='chrome-89.0.4389.90'/>
            </parameters>
            <steps>
                <step start='1617120629410' status='passed' stop='1617120640210'>
                    <name>POST /session/:sessionId/url</name>
                    <title>POST /session/:sessionId/url</title>
                    <attachments>
                        <attachment title='Request' source='f22579bc-8317-4418-b121-bd8f4ed8f3bd-attachment.json' type='application/json' size='65'/>
                    </attachments>
                    <steps/>
                </step>
                <step start='1617120640214' status='passed' stop='1617120640651'>
                    <name>POST /session/:sessionId/elements</name>
                    <title>POST /session/:sessionId/elements</title>
                    <attachments>
                        <attachment title='Request' source='6b23b183-32f5-4ad3-80d1-e693166a9054-attachment.json' type='application/json' size='61'/>
                        <attachment title='Response' source='2e70e36d-cf2d-4c99-a790-23f950586b66-attachment.json' type='application/json' size='2'/>
                    </attachments>
                    <steps/>
                </step>
                <step start='1617120640666' status='passed' stop='1617120641480'>
                    <name>GET /session/:sessionId/screenshot</name>
                    <title>GET /session/:sessionId/screenshot</title>
                    <attachments>
                        <attachment title='Screenshot' source='6f2441b5-aab5-49e3-96ea-bef30b8c5e97-attachment.png' type='image/png' size='51628'/>
                    </attachments>
                    <steps/>
                </step>
            </steps>
            <attachments/>
            <failure>
                <message>Cannot read property 'click' of undefined</message>
                <stack-trace>TypeError: Cannot read property 'click' of undefined
                    at Context.&lt;anonymous> (C:\Users\Owner\webdriverio\test\specs\firstTest.js:59:18)
                    at Context.executeSync (C:\Users\Owner\webdriverio\node_modules\@wdio\sync\build\index.js:25:22)
                    at C:\Users\Owner\webdriverio\node_modules\@wdio\sync\build\index.js:46:68</stack-trace>
            </failure>
        </test-case>
    </test-cases>
</ns2:test-suite>