<?xml version='1.0'?>
<ns2:test-suite xmlns:ns2='urn:model.allure.qatools.yandex.ru' start='1617126449645' stop='1617126450002'>
    <name>Ecommerce Application</name>
    <title>Ecommerce Application</title>
    <test-cases>
        <test-case start='1617126449646' status='pending' stop='1617126449646'>
            <name>UI Controls sanity</name>
            <title>UI Controls sanity</title>
            <labels/>
            <parameters/>
            <steps/>
            <attachments/>
            <failure>
                <message>Test ignored</message>
                <stack-trace>undefined</stack-trace>
            </failure>
        </test-case>
        <test-case start='1617126449647' status='pending' stop='1617126449647'>
            <name>Dynamic Dropdown Controls Smoke</name>
            <title>Dynamic Dropdown Controls Smoke</title>
            <labels/>
            <parameters/>
            <steps/>
            <attachments/>
            <failure>
                <message>Test ignored</message>
                <stack-trace>undefined</stack-trace>
            </failure>
        </test-case>
        <test-case start='1617126449647' status='broken' stop='1617126450001'>
            <name>Checkboxes Identification</name>
            <title>Checkboxes Identification</title>
            <labels>
                <label name='language' value='javascript'/>
                <label name='framework' value='wdio'/>
                <label name='thread' value='0-0'/>
            </labels>
            <parameters>
                <parameter kind='argument' name='browser' value='chrome-89.0.4389.90'/>
            </parameters>
            <steps>
                <step start='1617126449666' status='passed' stop='1617126449716'>
                    <name>POST /session/:sessionId/elements</name>
                    <title>POST /session/:sessionId/elements</title>
                    <attachments>
                        <attachment title='Request' source='80745894-b93b-4152-ac30-aebcc3e39481-attachment.json' type='application/json' size='66'/>
                        <attachment title='Response' source='271a4c87-cca0-40a2-82fd-1ed133173722-attachment.json' type='application/json' size='2'/>
                    </attachments>
                    <steps/>
                </step>
                <step start='1617126449730' status='passed' stop='1617126449998'>
                    <name>GET /session/:sessionId/screenshot</name>
                    <title>GET /session/:sessionId/screenshot</title>
                    <attachments>
                        <attachment title='Screenshot' source='3cdeb7e3-f5e2-48e4-93f6-9bb594d1470c-attachment.png' type='image/png' size='3486'/>
                    </attachments>
                    <steps/>
                </step>
            </steps>
            <attachments/>
            <failure>
                <message>Cannot read property 'click' of undefined</message>
                <stack-trace>TypeError: Cannot read property 'click' of undefined
                    at Context.&lt;anonymous> (C:\Users\Owner\webdriverio\test\specs\uiControls.js:54:13)
                    at Context.executeSync (C:\Users\Owner\webdriverio\node_modules\@wdio\sync\build\index.js:25:22)
                    at C:\Users\Owner\webdriverio\node_modules\@wdio\sync\build\index.js:46:68</stack-trace>
            </failure>
        </test-case>
    </test-cases>
</ns2:test-suite>