<?xml version='1.0'?>
<ns2:test-suite xmlns:ns2='urn:model.allure.qatools.yandex.ru' start='1605039938847' stop='1605039998866'>
    <name>Windows and Frames Miscellanous</name>
    <title>Windows and Frames Miscellanous</title>
    <test-cases>
        <test-case start='1605039938848' status='pending' stop='1605039938848'>
            <name>Parent and Child windows switch</name>
            <title>Parent and Child windows switch</title>
            <labels/>
            <parameters/>
            <steps/>
            <attachments/>
            <failure>
                <message>Test ignored</message>
                <stack-trace>undefined</stack-trace>
            </failure>
        </test-case>
        <test-case start='1605039938851' status='broken' stop='1605039998864'>
            <name>Frames switch</name>
            <title>Frames switch</title>
            <labels>
                <label name='language' value='javascript'/>
                <label name='framework' value='wdio'/>
                <label name='thread' value='0-4'/>
            </labels>
            <parameters>
                <parameter kind='argument' name='browser' value='chrome-86.0.4240.183'/>
            </parameters>
            <steps>
                <step start='1605039939091' status='passed' stop='1605039997723'>
                    <name>POST /session/:sessionId/url</name>
                    <title>POST /session/:sessionId/url</title>
                    <attachments>
                        <attachment title='Request' source='37e58479-c18d-466a-aa76-7349ad8fda12-attachment.json' type='application/json' size='65'/>
                    </attachments>
                    <steps/>
                </step>
                <step start='1605039997729' status='passed' stop='1605039998070'>
                    <name>POST /session/:sessionId/element</name>
                    <title>POST /session/:sessionId/element</title>
                    <attachments>
                        <attachment title='Request' source='d062c34d-c656-4f59-b0f2-96c4b3d59a8f-attachment.json' type='application/json' size='55'/>
                        <attachment title='Response' source='249c22e5-5996-4b15-a908-67d712173024-attachment.json' type='application/json' size='83'/>
                    </attachments>
                    <steps/>
                </step>
                <step start='1605039998095' status='passed' stop='1605039998165'>
                    <name>POST /session/:sessionId/execute/sync</name>
                    <title>POST /session/:sessionId/execute/sync</title>
                    <attachments>
                        <attachment title='Request' source='3bc9f7f5-f251-4420-b22a-52c3a935365c-attachment.json' type='application/json' size='302'/>
                    </attachments>
                    <steps/>
                </step>
                <step start='1605039998168' status='broken' stop='1605039998863'>
                    <name>POST /session/:sessionId/elements</name>
                    <title>POST /session/:sessionId/elements</title>
                    <attachments>
                        <attachment title='Request' source='4eba6d9f-42ce-4f1c-9536-bff0fee176a4-attachment.json' type='application/json' size='45'/>
                    </attachments>
                    <steps/>
                </step>
            </steps>
            <attachments/>
            <failure>
                <message>Timeout of 60000ms exceeded. The execution in the test "Windows and Frames Miscellanous Frames switch" took too long. Try to reduce the run time or increase your timeout for test specs (https://webdriver.io/docs/timeouts.html). (C:\Users\Owner\webdriverio\test\specs\windowsFrames.js)</message>
                <stack-trace>Error: Timeout of 60000ms exceeded. The execution in the test "Windows and Frames Miscellanous Frames switch" took too long. Try to reduce the run time or increase your timeout for test specs (https://webdriver.io/docs/timeouts.html). (C:\Users\Owner\webdriverio\test\specs\windowsFrames.js)
                    at Test.Runnable._timeoutError (C:\Users\Owner\webdriverio\node_modules\mocha\lib\runnable.js:432:10)
                    at Timeout.&lt;anonymous> (C:\Users\Owner\webdriverio\node_modules\mocha\lib\runnable.js:244:24)
                    at listOnTimeout (internal/timers.js:554:17)
                    at processTimers (internal/timers.js:497:7)</stack-trace>
            </failure>
        </test-case>
    </test-cases>
</ns2:test-suite>