<?xml version='1.0'?>
<ns2:test-suite xmlns:ns2='urn:model.allure.qatools.yandex.ru' start='1617120497135' stop='1617120497602'>
    <name>Ecommerce Application</name>
    <title>Ecommerce Application</title>
    <test-cases>
        <test-case start='1617120497136' status='pending' stop='1617120497136'>
            <name>Login Fail page title-Smoke</name>
            <title>Login Fail page title-Smoke</title>
            <labels/>
            <parameters/>
            <steps/>
            <attachments/>
            <failure>
                <message>Test ignored</message>
                <stack-trace>undefined</stack-trace>
            </failure>
        </test-case>
        <test-case start='1617120497137' status='pending' stop='1617120497137'>
            <name>Login Fail page title Smoke</name>
            <title>Login Fail page title Smoke</title>
            <labels/>
            <parameters/>
            <steps/>
            <attachments/>
            <failure>
                <message>Test ignored</message>
                <stack-trace>undefined</stack-trace>
            </failure>
        </test-case>
        <test-case start='1617120497137' status='pending' stop='1617120497137'>
            <name>Login Success page title</name>
            <title>Login Success page title</title>
            <labels/>
            <parameters/>
            <steps/>
            <attachments/>
            <failure>
                <message>Test ignored</message>
                <stack-trace>undefined</stack-trace>
            </failure>
        </test-case>
        <test-case start='1617120497139' status='broken' stop='1617120497601'>
            <name>should detect if an element is selected</name>
            <title>should detect if an element is selected</title>
            <labels>
                <label name='language' value='javascript'/>
                <label name='framework' value='wdio'/>
                <label name='thread' value='0-0'/>
            </labels>
            <parameters>
                <parameter kind='argument' name='browser' value='chrome-89.0.4389.90'/>
            </parameters>
            <steps>
                <step start='1617120497153' status='passed' stop='1617120497252'>
                    <name>POST /session/:sessionId/elements</name>
                    <title>POST /session/:sessionId/elements</title>
                    <attachments>
                        <attachment title='Request' source='cc80a08d-9c97-4205-96bd-6a82c36abda6-attachment.json' type='application/json' size='61'/>
                        <attachment title='Response' source='dbbcc070-9cba-4917-8138-316aad42950b-attachment.json' type='application/json' size='2'/>
                    </attachments>
                    <steps/>
                </step>
                <step start='1617120497268' status='passed' stop='1617120497599'>
                    <name>GET /session/:sessionId/screenshot</name>
                    <title>GET /session/:sessionId/screenshot</title>
                    <attachments>
                        <attachment title='Screenshot' source='cc00b2eb-9eff-4a39-aae7-a41f8698f82a-attachment.png' type='image/png' size='3486'/>
                    </attachments>
                    <steps/>
                </step>
            </steps>
            <attachments/>
            <failure>
                <message>Cannot read property 'click' of undefined</message>
                <stack-trace>TypeError: Cannot read property 'click' of undefined
                    at Context.&lt;anonymous> (C:\Users\Owner\webdriverio\test\specs\firstTest.js:58:18)
                    at Context.executeSync (C:\Users\Owner\webdriverio\node_modules\@wdio\sync\build\index.js:25:22)
                    at C:\Users\Owner\webdriverio\node_modules\@wdio\sync\build\index.js:46:68</stack-trace>
            </failure>
        </test-case>
    </test-cases>
</ns2:test-suite>